::1 - - [21/Nov/2025:17:43:37 +0000] "POST /api/v1/auth/login HTTP/1.1" 200 675 "-" "PostmanRuntime/7.49.1"
::1 - - [21/Nov/2025:17:45:05 +0000] "POST /api/v1/auth/login HTTP/1.1" 200 675 "-" "PostmanRuntime/7.49.1"
::1 - - [22/Nov/2025:18:04:43 +0000] "POST /api/v1/auth/login HTTP/1.1" 200 675 "-" "PostmanRuntime/7.49.1"
::1 - - [22/Nov/2025:19:11:07 +0000] "POST /api/v1/auth/login HTTP/1.1" 500 1055 "-" "PostmanRuntime/7.49.1"
::1 - - [22/Nov/2025:19:11:55 +0000] "POST /api/v1/auth/login HTTP/1.1" 200 675 "-" "PostmanRuntime/7.49.1"
::1 - - [22/Nov/2025:19:15:43 +0000] "POST /api/v1/auth/login HTTP/1.1" 200 675 "-" "PostmanRuntime/7.49.1"
::1 - - [22/Nov/2025:20:11:56 +0000] "POST /api/v1/auth/login HTTP/1.1" 200 675 "-" "PostmanRuntime/7.49.1"
::1 - - [22/Nov/2025:20:17:43 +0000] "POST /api/v1/auth/login HTTP/1.1" 200 675 "-" "PostmanRuntime/7.49.1"
::1 - - [22/Nov/2025:20:24:50 +0000] "POST /api/v1/auth/login HTTP/1.1" 200 675 "-" "PostmanRuntime/7.49.1"
::1 - - [22/Nov/2025:20:29:27 +0000] "POST /api/v1/auth/signup HTTP/1.1" 200 1056 "-" "PostmanRuntime/7.49.1"
::1 - - [22/Nov/2025:20:32:59 +0000] "POST /api/v1/auth/login HTTP/1.1" 200 675 "-" "PostmanRuntime/7.49.1"
::1 - - [22/Nov/2025:22:15:11 +0000] "POST /api/v1/auth/login HTTP/1.1" 200 675 "-" "PostmanRuntime/7.49.1"
::1 - - [22/Nov/2025:22:17:06 +0000] "POST /api/v1/auth/login HTTP/1.1" 200 675 "-" "PostmanRuntime/7.49.1"
::1 - - [22/Nov/2025:22:17:07 +0000] "POST /api/v1/auth/login HTTP/1.1" 200 675 "-" "PostmanRuntime/7.49.1"
::1 - - [22/Nov/2025:22:17:10 +0000] "POST /api/v1/auth/login HTTP/1.1" 200 675 "-" "PostmanRuntime/7.49.1"
::1 - - [22/Nov/2025:22:17:12 +0000] "POST /api/v1/auth/login HTTP/1.1" 200 675 "-" "PostmanRuntime/7.49.1"
::1 - - [29/Nov/2025:19:26:37 +0000] "POST /api/v1/auth/login HTTP/1.1" 200 675 "-" "PostmanRuntime/7.49.1"
::1 - - [29/Nov/2025:19:26:49 +0000] "POST /api/v1/auth/login HTTP/1.1" 200 675 "-" "PostmanRuntime/7.49.1"
::1 - - [29/Nov/2025:19:27:26 +0000] "POST /api/v1/auth//enable-2fa HTTP/1.1" 404 35 "-" "PostmanRuntime/7.49.1"
::1 - - [29/Nov/2025:19:27:48 +0000] "POST /api/v1/auth/enable-2fa HTTP/1.1" 500 1163 "-" "PostmanRuntime/7.49.1"
::1 - - [29/Nov/2025:19:30:01 +0000] "POST /api/v1/auth/enable-2fa HTTP/1.1" 500 1163 "-" "PostmanRuntime/7.49.1"
::1 - - [29/Nov/2025:22:25:58 +0000] "POST /api/v1/auth/login HTTP/1.1" 400 315 "-" "PostmanRuntime/7.49.1"
::1 - - [29/Nov/2025:22:26:37 +0000] "POST /api/v1/auth/login HTTP/1.1" 200 663 "-" "PostmanRuntime/7.49.1"
::1 - - [29/Nov/2025:22:29:51 +0000] "POST /api/v1/auth/qrImage?id=69221d279b89de6f4ef2cce0 HTTP/1.1" 404 35 "-" "PostmanRuntime/7.49.1"
::1 - - [29/Nov/2025:22:29:58 +0000] "GET /api/v1/auth/qrImage?id=69221d279b89de6f4ef2cce0 HTTP/1.1" 500 300 "-" "PostmanRuntime/7.49.1"
::1 - - [29/Nov/2025:22:34:40 +0000] "GET /api/v1/auth/qrImage?id=69221d279b89de6f4ef2cce0 HTTP/1.1" 200 28 "-" "PostmanRuntime/7.49.1"
::1 - - [29/Nov/2025:22:35:47 +0000] "GET /api/v1/auth/qrImage?id=69221d279b89de6f4ef2cce0 HTTP/1.1" 200 4396 "-" "PostmanRuntime/7.49.1"
::1 - - [29/Nov/2025:22:47:54 +0000] "GET /api/v1/auth/qrImage?id=69221d279b89de6f4ef2cce0 HTTP/1.1" 200 4412 "-" "PostmanRuntime/7.49.1"
::1 - - [29/Nov/2025:23:03:23 +0000] "GET /api/v1/auth/qrImage?id=69221d279b89de6f4ef2cce0 HTTP/1.1" 200 4358 "-" "PostmanRuntime/7.49.1"
::1 - - [29/Nov/2025:23:14:21 +0000] "GET /api/v1/auth/qrImage?id=69221d279b89de6f4ef2cce0 HTTP/1.1" 500 1103 "-" "PostmanRuntime/7.49.1"
::1 - - [29/Nov/2025:23:14:29 +0000] "GET /api/v1/auth/qrImage?id=69221d279b89de6f4ef2cce0 HTTP/1.1" 500 1103 "-" "PostmanRuntime/7.49.1"
::1 - - [29/Nov/2025:23:14:56 +0000] "GET /api/v1/auth/qrImage?id=69204b10394069735b254c26 HTTP/1.1" 500 1103 "-" "PostmanRuntime/7.49.1"
::1 - - [29/Nov/2025:23:18:16 +0000] "GET /api/v1/auth/qrImage?id=69204b10394069735b254c26 HTTP/1.1" 200 4354 "-" "PostmanRuntime/7.49.1"
::1 - - [29/Nov/2025:23:59:33 +0000] "GET /api/v1/auth/set2FA HTTP/1.1" 500 292 "-" "PostmanRuntime/7.49.1"
::1 - - [29/Nov/2025:23:59:47 +0000] "GET /api/v1/auth/set2FA HTTP/1.1" 500 292 "-" "PostmanRuntime/7.49.1"
::1 - - [30/Nov/2025:00:01:31 +0000] "GET /api/v1/auth/set2FA HTTP/1.1" 500 292 "-" "PostmanRuntime/7.49.1"
::1 - - [30/Nov/2025:00:01:43 +0000] "GET /api/v1/auth/set2FA HTTP/1.1" 500 292 "-" "PostmanRuntime/7.49.1"
::1 - - [30/Nov/2025:00:01:53 +0000] "GET /api/v1/auth/set2FA HTTP/1.1" 500 292 "-" "PostmanRuntime/7.49.1"
::1 - - [30/Nov/2025:00:06:26 +0000] "GET /api/v1/auth/set2FA HTTP/1.1" 500 452 "-" "PostmanRuntime/7.49.1"
::1 - - [30/Nov/2025:00:10:47 +0000] "GET /api/v1/auth/set2FA HTTP/1.1" 500 452 "-" "PostmanRuntime/7.49.1"
::1 - - [30/Nov/2025:00:12:46 +0000] "GET /api/v1/auth/set2FA HTTP/1.1" 500 452 "-" "PostmanRuntime/7.49.1"
::1 - - [30/Nov/2025:00:13:22 +0000] "GET /api/v1/auth/set2FA HTTP/1.1" 500 452 "-" "PostmanRuntime/7.49.1"
::1 - - [30/Nov/2025:00:14:32 +0000] "GET /api/v1/auth/set2FA HTTP/1.1" 500 292 "-" "PostmanRuntime/7.49.1"
::1 - - [30/Nov/2025:00:14:41 +0000] "GET /api/v1/auth/set2FA HTTP/1.1" 500 292 "-" "PostmanRuntime/7.49.1"
::1 - - [30/Nov/2025:00:17:11 +0000] "GET /api/v1/auth/set2FA HTTP/1.1" 400 311 "-" "PostmanRuntime/7.49.1"
::1 - - [30/Nov/2025:00:18:06 +0000] "GET /api/v1/auth/set2FA HTTP/1.1" 400 311 "-" "PostmanRuntime/7.49.1"
::1 - - [30/Nov/2025:00:18:09 +0000] "GET /api/v1/auth/set2FA HTTP/1.1" 400 311 "-" "PostmanRuntime/7.49.1"
::1 - - [30/Nov/2025:00:18:40 +0000] "GET /api/v1/auth/set2FA HTTP/1.1" 400 311 "-" "PostmanRuntime/7.49.1"
::1 - - [30/Nov/2025:00:18:46 +0000] "GET /api/v1/auth/set2FA HTTP/1.1" 400 311 "-" "PostmanRuntime/7.49.1"
::1 - - [30/Nov/2025:00:21:15 +0000] "GET /api/v1/auth/qrImage?id=69221d279b89de6f4ef2cce0 HTTP/1.1" 200 4410 "-" "PostmanRuntime/7.49.1"
::1 - - [30/Nov/2025:00:23:11 +0000] "GET /api/v1/auth/set2FA HTTP/1.1" 400 311 "-" "PostmanRuntime/7.49.1"
::1 - - [30/Nov/2025:00:23:42 +0000] "GET /api/v1/auth/set2FA HTTP/1.1" 400 311 "-" "PostmanRuntime/7.49.1"
::1 - - [30/Nov/2025:00:23:49 +0000] "GET /api/v1/auth/set2FA HTTP/1.1" 400 311 "-" "PostmanRuntime/7.49.1"
::1 - - [30/Nov/2025:00:27:56 +0000] "GET /api/v1/auth/qrImage?id=69221d279b89de6f4ef2cce0 HTTP/1.1" 200 4386 "-" "PostmanRuntime/7.49.1"
::1 - - [30/Nov/2025:00:29:33 +0000] "GET /api/v1/auth/set2FA HTTP/1.1" 400 311 "-" "PostmanRuntime/7.49.1"
::1 - - [30/Nov/2025:00:34:35 +0000] "GET /api/v1/auth/qrImage?id=69221d279b89de6f4ef2cce0 HTTP/1.1" 200 4382 "-" "PostmanRuntime/7.49.1"
::1 - - [30/Nov/2025:00:35:50 +0000] "GET /api/v1/auth/set2FA HTTP/1.1" 400 283 "-" "PostmanRuntime/7.49.1"
::1 - - [30/Nov/2025:00:40:20 +0000] "GET /api/v1/auth/qrImage?id=69221d279b89de6f4ef2cce0 HTTP/1.1" - - "-" "PostmanRuntime/7.49.1"
::1 - - [30/Nov/2025:00:40:35 +0000] "GET /api/v1/auth/qrImage?id=69221d279b89de6f4ef2cce0 HTTP/1.1" 500 1295 "-" "PostmanRuntime/7.49.1"
::1 - - [30/Nov/2025:00:41:39 +0000] "GET /api/v1/auth/qrImage?id=69221d279b89de6f4ef2cce0 HTTP/1.1" 200 4358 "-" "PostmanRuntime/7.49.1"
::1 - - [30/Nov/2025:00:43:31 +0000] "GET /api/v1/auth/set2FA HTTP/1.1" 400 283 "-" "PostmanRuntime/7.49.1"
::1 - - [30/Nov/2025:00:54:27 +0000] "GET /api/v1/auth/qrImage?id=69221d279b89de6f4ef2cce0 HTTP/1.1" 500 452 "-" "PostmanRuntime/7.49.1"
::1 - - [30/Nov/2025:00:56:11 +0000] "GET /api/v1/auth/qrImage?id=69221d279b89de6f4ef2cce0 HTTP/1.1" 200 4390 "-" "PostmanRuntime/7.49.1"
::1 - - [30/Nov/2025:00:58:06 +0000] "GET /api/v1/auth/set2FA HTTP/1.1" 400 283 "-" "PostmanRuntime/7.49.1"
::1 - - [30/Nov/2025:01:02:38 +0000] "GET /api/v1/auth/set2FA HTTP/1.1" 400 283 "-" "PostmanRuntime/7.49.1"
::1 - - [30/Nov/2025:01:02:40 +0000] "GET /api/v1/auth/set2FA HTTP/1.1" 400 283 "-" "PostmanRuntime/7.49.1"
::1 - - [30/Nov/2025:01:13:12 +0000] "GET /api/v1/auth/set2FA HTTP/1.1" 400 283 "-" "PostmanRuntime/7.49.1"
::1 - - [30/Nov/2025:01:13:17 +0000] "GET /api/v1/auth/set2FA HTTP/1.1" 400 283 "-" "PostmanRuntime/7.49.1"
::1 - - [30/Nov/2025:01:16:10 +0000] "GET /api/v1/auth/set2FA HTTP/1.1" 500 1145 "-" "PostmanRuntime/7.49.1"
::1 - - [30/Nov/2025:01:24:39 +0000] "GET /api/v1/auth/set2FA HTTP/1.1" 400 283 "-" "PostmanRuntime/7.49.1"
::1 - - [30/Nov/2025:01:25:11 +0000] "GET /api/v1/auth/qrImage?id=69221d279b89de6f4ef2cce0 HTTP/1.1" 200 4394 "-" "PostmanRuntime/7.49.1"
::1 - - [30/Nov/2025:01:26:04 +0000] "GET /api/v1/auth/set2FA HTTP/1.1" 400 309 "-" "PostmanRuntime/7.49.1"
::1 - - [30/Nov/2025:01:28:08 +0000] "GET /api/v1/auth/set2FA HTTP/1.1" 400 309 "-" "PostmanRuntime/7.49.1"
::1 - - [30/Nov/2025:01:28:18 +0000] "GET /api/v1/auth/set2FA HTTP/1.1" 400 309 "-" "PostmanRuntime/7.49.1"
::1 - - [30/Nov/2025:01:29:34 +0000] "GET /api/v1/auth/set2FA HTTP/1.1" 400 309 "-" "PostmanRuntime/7.49.1"
::1 - - [30/Nov/2025:01:38:26 +0000] "GET /api/v1/auth/qrImage?id=69221d279b89de6f4ef2cce0 HTTP/1.1" 200 4378 "-" "PostmanRuntime/7.49.1"
::1 - - [30/Nov/2025:01:39:42 +0000] "GET /api/v1/auth/set2FA HTTP/1.1" 200 48 "-" "PostmanRuntime/7.49.1"
::1 - - [30/Nov/2025:01:40:59 +0000] "POST /api/v1/auth/login HTTP/1.1" 200 68 "-" "PostmanRuntime/7.49.1"
::1 - - [30/Nov/2025:01:42:11 +0000] "POST /api/v1/auth/login HTTP/1.1" 400 219 "-" "PostmanRuntime/7.49.1"
::1 - - [30/Nov/2025:01:42:14 +0000] "POST /api/v1/auth/login HTTP/1.1" 400 219 "-" "PostmanRuntime/7.49.1"
::1 - - [30/Nov/2025:01:43:58 +0000] "POST /api/v1/auth/login HTTP/1.1" 200 68 "-" "PostmanRuntime/7.49.1"
::1 - - [30/Nov/2025:01:45:42 +0000] "GET /api/v1/auth/qrImage?id=69221d279b89de6f4ef2cce0 HTTP/1.1" 200 4390 "-" "PostmanRuntime/7.49.1"
::1 - - [30/Nov/2025:01:47:12 +0000] "GET /api/v1/auth/set2FA HTTP/1.1" 200 48 "-" "PostmanRuntime/7.49.1"
::1 - - [30/Nov/2025:01:47:14 +0000] "GET /api/v1/auth/set2FA HTTP/1.1" 400 283 "-" "PostmanRuntime/7.49.1"
::1 - - [30/Nov/2025:01:47:19 +0000] "GET /api/v1/auth/set2FA HTTP/1.1" 400 283 "-" "PostmanRuntime/7.49.1"
::1 - - [30/Nov/2025:02:03:52 +0000] "POST /api/v1/auth/signup HTTP/1.1" 400 439 "-" "PostmanRuntime/7.49.1"
::1 - - [30/Nov/2025:02:04:07 +0000] "POST /api/v1/auth/signup HTTP/1.1" 400 269 "-" "PostmanRuntime/7.49.1"
::1 - - [30/Nov/2025:02:04:40 +0000] "POST /api/v1/auth/signup HTTP/1.1" 200 1114 "-" "PostmanRuntime/7.49.1"
::1 - - [30/Nov/2025:02:06:11 +0000] "POST /api/v1/auth/login HTTP/1.1" 200 669 "-" "PostmanRuntime/7.49.1"
::1 - - [30/Nov/2025:02:10:00 +0000] "POST /api/v1/auth/signup HTTP/1.1" 200 1123 "-" "PostmanRuntime/7.49.1"
::1 - - [30/Nov/2025:02:10:36 +0000] "POST /api/v1/auth/login HTTP/1.1" 200 675 "-" "PostmanRuntime/7.49.1"
::1 - - [30/Nov/2025:02:11:39 +0000] "POST /api/v1/auth/signup HTTP/1.1" 400 269 "-" "PostmanRuntime/7.49.1"
::1 - - [30/Nov/2025:02:11:41 +0000] "POST /api/v1/auth/signup HTTP/1.1" 400 269 "-" "PostmanRuntime/7.49.1"
::1 - - [30/Nov/2025:02:12:06 +0000] "POST /api/v1/auth/signup HTTP/1.1" 400 281 "-" "PostmanRuntime/7.49.1"
::1 - - [30/Nov/2025:02:13:11 +0000] "POST /api/v1/auth/signup HTTP/1.1" 200 1106 "-" "PostmanRuntime/7.49.1"
::1 - - [30/Nov/2025:02:17:01 +0000] "POST /api/v1/auth/login HTTP/1.1" 200 655 "-" "PostmanRuntime/7.49.1"
::1 - - [30/Nov/2025:02:19:58 +0000] "POST /api/v1/auth/login HTTP/1.1" 200 675 "-" "PostmanRuntime/7.49.1"
::1 - - [30/Nov/2025:02:22:39 +0000] "POST /api/v1/auth/signup HTTP/1.1" 200 1123 "-" "PostmanRuntime/7.49.1"
::1 - - [30/Nov/2025:02:23:45 +0000] "POST /api/v1/auth/signup HTTP/1.1" 200 1123 "-" "PostmanRuntime/7.49.1"
::1 - - [30/Nov/2025:02:24:49 +0000] "POST /api/v1/auth/signup HTTP/1.1" 409 308 "-" "PostmanRuntime/7.49.1"
::1 - - [30/Nov/2025:02:26:20 +0000] "POST /api/v1/auth/signup HTTP/1.1" 200 1123 "-" "PostmanRuntime/7.49.1"
::1 - - [30/Nov/2025:02:26:57 +0000] "POST /api/v1/auth/signup HTTP/1.1" 200 1123 "-" "PostmanRuntime/7.49.1"
::1 - - [30/Nov/2025:02:28:12 +0000] "POST /api/v1/auth/login HTTP/1.1" 200 675 "-" "PostmanRuntime/7.49.1"
::1 - - [30/Nov/2025:02:31:56 +0000] "POST /api/v1/auth/login HTTP/1.1" 200 675 "-" "PostmanRuntime/7.49.1"
::1 - - [30/Nov/2025:02:39:44 +0000] "POST /api/v1/auth/signup HTTP/1.1" 200 1123 "-" "PostmanRuntime/7.49.1"
::1 - - [30/Nov/2025:02:43:25 +0000] "POST /api/v1/auth/signup HTTP/1.1" 200 1123 "-" "PostmanRuntime/7.49.1"
::1 - - [30/Nov/2025:02:47:45 +0000] "POST /api/v1/auth/signup HTTP/1.1" 200 1123 "-" "PostmanRuntime/7.49.1"
::1 - - [30/Nov/2025:02:48:14 +0000] "POST /api/v1/auth/signup HTTP/1.1" 400 297 "-" "PostmanRuntime/7.49.1"
::1 - - [30/Nov/2025:02:48:30 +0000] "POST /api/v1/auth/signup HTTP/1.1" 400 301 "-" "PostmanRuntime/7.49.1"
::1 - - [30/Nov/2025:02:48:48 +0000] "POST /api/v1/auth/signup HTTP/1.1" 400 301 "-" "PostmanRuntime/7.49.1"
::1 - - [30/Nov/2025:02:48:54 +0000] "POST /api/v1/auth/signup HTTP/1.1" 400 297 "-" "PostmanRuntime/7.49.1"
::1 - - [30/Nov/2025:02:50:02 +0000] "POST /api/v1/auth/signup HTTP/1.1" 200 1099 "-" "PostmanRuntime/7.49.1"
::1 - - [30/Nov/2025:02:55:02 +0000] "POST /api/v1/auth/signup HTTP/1.1" 409 308 "-" "PostmanRuntime/7.49.1"
::1 - - [30/Nov/2025:02:55:16 +0000] "POST /api/v1/auth/signup HTTP/1.1" 200 1100 "-" "PostmanRuntime/7.49.1"
