::1 - - [22/Nov/2025:20:17:01 +0000] "DELETE /api/v1/user/freeze-account HTTP/1.1" 500 604 "-" "-"
::1 - - [22/Nov/2025:20:17:10 +0000] "DELETE /api/v1/user/freeze-account HTTP/1.1" 500 604 "-" "-"
::1 - - [22/Nov/2025:20:17:21 +0000] "DELETE /api/v1/user/freeze-account HTTP/1.1" 500 1420 "-" "-"
::1 - - [22/Nov/2025:20:18:14 +0000] "DELETE /api/v1/user/freeze-account HTTP/1.1" 500 1420 "-" "PostmanRuntime/7.49.1"
::1 - - [22/Nov/2025:20:19:27 +0000] "DELETE /api/v1/user/freeze-account HTTP/1.1" 200 1063 "-" "PostmanRuntime/7.49.1"
::1 - - [22/Nov/2025:20:20:58 +0000] "DELETE /api/v1/user/freeze-account HTTP/1.1" 500 454 "-" "PostmanRuntime/7.49.1"
::1 - - [22/Nov/2025:20:21:29 +0000] "DELETE /api/v1/user/freeze-account HTTP/1.1" 500 454 "-" "PostmanRuntime/7.49.1"
::1 - - [22/Nov/2025:20:21:44 +0000] "DELETE /api/v1/user/freeze-account HTTP/1.1" 500 454 "-" "PostmanRuntime/7.49.1"
::1 - - [22/Nov/2025:20:22:50 +0000] "DELETE /api/v1/user/freeze-account HTTP/1.1" 500 454 "-" "PostmanRuntime/7.49.1"
::1 - - [22/Nov/2025:20:23:37 +0000] "DELETE /api/v1/user/freeze-account HTTP/1.1" 200 1102 "-" "PostmanRuntime/7.49.1"
::1 - - [22/Nov/2025:20:24:44 +0000] "DELETE /api/v1/user/freeze-account HTTP/1.1" 403 572 "-" "PostmanRuntime/7.49.1"
::1 - - [22/Nov/2025:20:30:16 +0000] "DELETE /api/v1/user/69221d279b89de6f4ef2cce0/freeze-account HTTP/1.1" 403 572 "-" "PostmanRuntime/7.49.1"
::1 - - [22/Nov/2025:20:30:19 +0000] "DELETE /api/v1/user/69221d279b89de6f4ef2cce0/freeze-account HTTP/1.1" 403 572 "-" "PostmanRuntime/7.49.1"
::1 - - [22/Nov/2025:20:31:32 +0000] "DELETE /api/v1/user/69221d279b89de6f4ef2cce0/freeze-account HTTP/1.1" 403 572 "-" "PostmanRuntime/7.49.1"
::1 - - [22/Nov/2025:20:33:20 +0000] "DELETE /api/v1/user/69221d279b89de6f4ef2cce0/freeze-account HTTP/1.1" 403 572 "-" "PostmanRuntime/7.49.1"
::1 - - [22/Nov/2025:20:36:12 +0000] "DELETE /api/v1/user/69221d279b89de6f4ef2cce0/freeze-account HTTP/1.1" 403 572 "-" "PostmanRuntime/7.49.1"
::1 - - [22/Nov/2025:20:38:15 +0000] "DELETE /api/v1/user/69221d279b89de6f4ef2cce0/freeze-account HTTP/1.1" 200 1130 "-" "PostmanRuntime/7.49.1"
::1 - - [22/Nov/2025:20:58:29 +0000] "DELETE /api/v1/user/69221d279b89de6f4ef2cce0/restore-account HTTP/1.1" 404 35 "-" "PostmanRuntime/7.49.1"
::1 - - [22/Nov/2025:20:58:39 +0000] "DELETE /api/v1/user/69221d279b89de6f4ef2cce0/restore-account HTTP/1.1" 404 35 "-" "PostmanRuntime/7.49.1"
::1 - - [22/Nov/2025:20:58:41 +0000] "DELETE /api/v1/user/69221d279b89de6f4ef2cce0/restore-account HTTP/1.1" 404 35 "-" "PostmanRuntime/7.49.1"
::1 - - [22/Nov/2025:20:59:24 +0000] "DELETE /api/v1/user/69221d279b89de6f4ef2cce0/restore-account HTTP/1.1" 404 35 "-" "PostmanRuntime/7.49.1"
::1 - - [22/Nov/2025:20:59:26 +0000] "DELETE /api/v1/user/69221d279b89de6f4ef2cce0/restore-account HTTP/1.1" 404 35 "-" "PostmanRuntime/7.49.1"
::1 - - [22/Nov/2025:20:59:37 +0000] "PATCH /api/v1/user/69221d279b89de6f4ef2cce0/restore-account HTTP/1.1" 200 1138 "-" "PostmanRuntime/7.49.1"
